make all --print-data-base --no-builtin-variables --no-builtin-rules --question
# GNU Make 3.81
# Copyright (C) 2006  Free Software Foundation, Inc.
# This is free software; see the source for copying conditions.
# There is NO warranty; not even for MERCHANTABILITY or FITNESS FOR A
# PARTICULAR PURPOSE.

# This program built for i386-apple-darwin11.3.0
 
make: *** No rule to make target `all'.  Stop.


# Make data base, printed on Wed Jun  1 10:59:04 2022

# Variables

# automatic
<D = $(patsubst %/,%,$(dir $<))
 
# automatic
?F = $(notdir $?)
# environment
PROVIDE_FULLSTACK_ACTION = true
# environment
VSCODE_LOG_NATIVE = false
# environment
NVM_INC = /Users/ryanparker/.nvm/versions/node/v16.14.2/include/node
# automatic
?D = $(patsubst %/,%,$(dir $?))
# automatic
@D = $(patsubst %/,%,$(dir $@))
# automatic
@F = $(notdir $@)
# makefile
CURDIR := /Users/ryanparker/GitHub/kubernetes-operator-proto
# makefile
SHELL = /bin/sh
# environment
VSCODE_NLS_CONFIG = {"locale":"en-us","availableLanguages":{},"_languagePackSupport":true}
# environment
_ = /usr/bin/make
# environment
STARSHIP_SESSION_KEY = 1880316734106362
# environment
VSCODE_VERBOSE_LOGGING = true
# environment
__CFBundleIdentifier = com.microsoft.VSCode
# environment
INFOPATH = /opt/homebrew/share/info:
# environment
VSCODE_IPC_HOOK_EXTHOST = /var/folders/q5/dlvxwlg57r375900vqq_m27c0000gn/T/vscode-ipc-c7f9676c-bd88-491c-a19d-a9bb307b971e.sock
# environment
VSCODE_CWD = /
# environment
PATH = /Users/ryanparker/.sdkman/candidates/java/current/bin:/Users/ryanparker/.rbenv/shims:/Users/ryanparker/.nvm/versions/node/v16.14.2/bin:/opt/homebrew/bin:/opt/homebrew/sbin:/usr/local/bin:/usr/bin:/bin:/usr/sbin:/sbin:/usr/local/share/dotnet:~/.dotnet/tools:/Library/Apple/usr/bin:/Users/ryanparker/.antigen/bundles/robbyrussell/oh-my-zsh/lib:/Users/ryanparker/.antigen/bundles/robbyrussell/oh-my-zsh/plugins/alias-finder:/Users/ryanparker/.antigen/bundles/robbyrussell/oh-my-zsh/plugins/aws:/Users/ryanparker/.antigen/bundles/robbyrussell/oh-my-zsh/plugins/colored-man-pages:/Users/ryanparker/.antigen/bundles/robbyrussell/oh-my-zsh/plugins/colorize:/Users/ryanparker/.antigen/bundles/robbyrussell/oh-my-zsh/plugins/command-not-found:/Users/ryanparker/.antigen/bundles/robbyrussell/oh-my-zsh/plugins/common-aliases:/Users/ryanparker/.antigen/bundles/robbyrussell/oh-my-zsh/plugins/compleat:/Users/ryanparker/.antigen/bundles/robbyrussell/oh-my-zsh/plugins/cp:/Users/ryanparker/.antigen/bundles/robbyrussell/oh-my-zsh/plugins/docker:/Users/ryanparker/.antigen/bundles/robbyrussell/oh-my-zsh/plugins/docker-compose:/Users/ryanparker/.antigen/bundles/robbyrussell/oh-my-zsh/plugins/git:/Users/ryanparker/.antigen/bundles/robbyrussell/oh-my-zsh/plugins/gitfast:/Users/ryanparker/.antigen/bundles/robbyrussell/oh-my-zsh/plugins/gulp:/Users/ryanparker/.antigen/bundles/robbyrussell/oh-my-zsh/plugins/history:/Users/ryanparker/.antigen/bundles/robbyrussell/oh-my-zsh/plugins/jsontools:/Users/ryanparker/.antigen/bundles/robbyrussell/oh-my-zsh/plugins/nmap:/Users/ryanparker/.antigen/bundles/robbyrussell/oh-my-zsh/plugins/npm:/Users/ryanparker/.antigen/bundles/robbyrussell/oh-my-zsh/plugins/nvm:/Users/ryanparker/.antigen/bundles/robbyrussell/oh-my-zsh/plugins/macos:/Users/ryanparker/.antigen/bundles/robbyrussell/oh-my-zsh/plugins/pip:/Users/ryanparker/.antigen/bundles/robbyrussell/oh-my-zsh/plugins/python:/Users/ryanparker/.antigen/bundles/robbyrussell/oh-my-zsh/plugins/rbenv:/Users/ryanparker/.antigen/bundles/robbyrussell/oh-my-zsh/plugins/sdk:/Users/ryanparker/.antigen/bundles/robbyrussell/oh-my-zsh/plugins/vscode:/Users/ryanparker/.antigen/bundles/robbyrussell/oh-my-zsh/plugins/yarn:/Users/ryanparker/.antigen/bundles/robbyrussell/oh-my-zsh/plugins/zsh-interactive-cd:/Users/ryanparker/.antigen/bundles/robbyrussell/oh-my-zsh/plugins/z:/Users/ryanparker/.antigen/bundles/changyuheng/fz:/Users/ryanparker/.antigen/bundles/chrissicool/zsh-256color:/Users/ryanparker/.antigen/bundles/djui/alias-tips:/Users/ryanparker/.antigen/bundles/Valiev/almostontop:/Users/ryanparker/.antigen/bundles/zsh-users/zsh-autosuggestions:/Users/ryanparker/.antigen/bundles/zsh-users/zsh-completions:/Users/ryanparker/.antigen/bundles/zsh-users/zsh-history-substring-search:/Users/ryanparker/.antigen/bundles/zsh-users/zsh-syntax-highlighting:/Users/ryanparker/.yarn/bin
# environment
LSCOLORS = Gxfxcxdxbxegedabagacad
# environment
GOLANG_EXECUTABLE = go
# environment
THREE_SCALE_USER_TOKEN = 207c527cfc2a6b8dcf4fa43ad7a976da
# makefile
MAKEFILE_LIST := 
# environment
SDKMAN_CANDIDATES_API = https://api.sdkman.io/2
# environment
NVM_BIN = /Users/ryanparker/.nvm/versions/node/v16.14.2/bin
# environment
LaunchInstanceID = 6F78E965-7E71-4A44-AC5E-2171E0857F26
# environment
SDKMAN_PLATFORM = darwinx64
# environment
VSCODE_LOG_STACK = false
# environment
ELECTRON_RUN_AS_NODE = 1
# default
.FEATURES := target-specific order-only second-expansion else-if archives jobserver check-symlink
# environment
UUID = d60f4e34-bdd0-41ba-ba53-82ac361965e7
# environment
SSH_AUTH_SOCK = /private/tmp/com.apple.launchd.67aY9zCdH5/Listeners
# automatic
%F = $(notdir $%)
# environment
VSCODE_PIPE_LOGGING = true
# environment
SDKMAN_DIR = /Users/ryanparker/.sdkman
# environment
PWD = /Users/ryanparker/GitHub/kubernetes-operator-proto
# environment
HOMEBREW_CELLAR = /opt/homebrew/Cellar
# environment
ORIGINAL_XDG_CURRENT_DESKTOP = undefined
# environment
MANPATH = /Users/ryanparker/.nvm/versions/node/v16.14.2/share/man:/opt/homebrew/share/man::
# environment
VSCODE_AMD_ENTRYPOINT = vs/workbench/api/node/extensionHostProcess
# environment
HOME = /Users/ryanparker
# default
MAKEFILEPATH = $(shell /usr/bin/xcode-select -print-path 2>/dev/null || echo /Developer)/Makefiles
# environment
VSCODE_CODE_CACHE_PATH = /Users/ryanparker/Library/Application Support/Code/CachedData/c3511e6c69bb39013c4a4b7b9566ec1ca73fc4d5
# environment
LOGNAME = ryanparker
# environment
APPLICATION_INSIGHTS_NO_DIAGNOSTIC_CHANNEL = true
# environment
NVM_CD_FLAGS = -q
# environment
TELEMETRY_ID = b3c4b6fd-1a98-424e-b0d6-00378c631db6
# environment
VSCODE_HANDLES_UNCAUGHT_ERRORS = true
# automatic
^D = $(patsubst %/,%,$(dir $^))
# environment
XPC_FLAGS = 0x0
# environment
SDKMAN_VERSION = 5.13.1
# environment
LLVM_CONFIG = /opt/homebrew/Cellar/llvm@11/11.1.0_4/bin/llvm-config
# default
MAKECMDGOALS := all
# environment
SHLVL = 1
# environment
JAVA_HOME = /Users/ryanparker/.sdkman/candidates/java/current
# default
MAKE_VERSION := 3.81
# environment
USER = ryanparker
# makefile
.DEFAULT_GOAL := 
# default
 
MAKE = $(MAKE_COMMAND)
# environment
LESS = -R
# automatic
%D = $(patsubst %/,%,$(dir $%))
# default
MAKE_COMMAND := /Library/Developer/CommandLineTools/usr/bin/make
# environment
UTM_SOURCE = vscode
# default
.VARIABLES := 
# environment
TMPDIR = /var/folders/q5/dlvxwlg57r375900vqq_m27c0000gn/T/
# automatic
*F = $(notdir $*)
# environment
VSCODE_IPC_HOOK = /Users/ryanparker/Library/Application Support/Code/1.67.2-main.sock
# makefile
MAKEFLAGS = Rrqp
# environment
MFLAGS = -Rrqp
# automatic
*D = $(patsubst %/,%,$(dir $*))
# environment
NVM_DIR = /Users/ryanparker/.nvm
# environment
XPC_SERVICE_NAME = application.com.microsoft.VSCode.53592861.53592867
# environment
HOMEBREW_PREFIX = /opt/homebrew
# automatic
+D = $(patsubst %/,%,$(dir $+))
# environment
RECOMMENDER_API_URL = https://gw.api.openshift.io//api/v2
# automatic
+F = $(notdir $+)
# environment
HOMEBREW_REPOSITORY = /opt/homebrew
# environment
__CF_USER_TEXT_ENCODING = 0x1F5:0x0:0x0
# environment
COMMAND_MODE = unix2003
# default
MAKEFILES := 
# environment
RBENV_SHELL = zsh
# automatic
<F = $(notdir $<)
# environment
SDKMAN_CANDIDATES_DIR = /Users/ryanparker/.sdkman/candidates
# environment
PAGER = less
# environment
LC_ALL = C
# environment
SECURITYSESSIONID = 186b0
# automatic
^F = $(notdir $^)
# default
SUFFIXES := 
# environment
MAKELEVEL := 0
# environment
GPG_TTY = not a tty
# environment
LANG = C
# environment
VSCODE_PID = 945
# environment
STARSHIP_SHELL = zsh
# variable set hash-table stats:
# Load=93/1024=9%, Rehash=0, Collisions=6/113=5%

# Pattern-specific Variable Values

# No pattern-specific variable values.

# Directories

# . (device 16777230, inode 56284787): 7 files, no impossibilities.

# 7 files, no impossibilities in 1 directories.

# Implicit Rules

# No implicit rules.

# Files

# Not a target:
all:
#  Command-line target.
#  Implicit rule search has been done.
#  File does not exist.
#  File has not been updated.
# variable set hash-table stats:
# Load=0/32=0%, Rehash=0, Collisions=0/0=0%

# Not a target:
.SUFFIXES:
#  Implicit rule search has not been done.
#  Modification time never checked.
#  File has not been updated.

# Not a target:
Makefile:
#  A default, MAKEFILES, or -include/sinclude makefile.
#  Implicit rule search has been done.
#  File does not exist.
#  File has been updated.
#  Failed to be updated.
# variable set hash-table stats:
# Load=0/32=0%, Rehash=0, Collisions=0/0=0%

# Not a target:
makefile:
#  A default, MAKEFILES, or -include/sinclude makefile.
#  Implicit rule search has been done.
#  File does not exist.
#  File has been updated.
#  Failed to be updated.
# variable set hash-table stats:
# Load=0/32=0%, Rehash=0, Collisions=0/0=0%

# Not a target:
.DEFAULT:
#  Implicit rule search has not been done.
#  Modification time never checked.
#  File has not been updated.

# Not a target:
GNUmakefile:
#  A default, MAKEFILES, or -include/sinclude makefile.
#  Implicit rule search has been done.
#  File does not exist.
#  File has been updated.
#  Failed to be updated.
# variable set hash-table stats:
# Load=0/32=0%, Rehash=0, Collisions=0/0=0%

# files hash-table stats:
# Load=6/1024=1%, Rehash=0, Collisions=0/17=0%
# VPATH Search Paths

# No `vpath' search paths.

# No general (`VPATH' variable) search path.

# # of strings in strcache: 0
# # of strcache buffers: 0
# strcache size: total = 0 / max = 0 / min = 4096 / avg = 0
# strcache free: total = 0 / max = 0 / min = 4096 / avg = 0

# Finished Make data base on Wed Jun  1 10:59:04 2022

 
